C:\Users\flo\Desktop\nucleusanalyzer\Diplomarbeit\Matlab\ARGraphs\x64\Debug\ARGraphs_Mex_NEU_d.lib
C:\Users\flo\Desktop\nucleusanalyzer\Diplomarbeit\Matlab\ARGraphs\x64\Debug\ARGraphs_Mex_NEU_d.exp
C:\USERS\FLO\DESKTOP\NUCLEUSANALYZER\DIPLOMARBEIT\MATLAB\ARGRAPHS\X64\DEBUG\IMAGEPROCESSING.OBJ
C:\USERS\FLO\DESKTOP\NUCLEUSANALYZER\DIPLOMARBEIT\MATLAB\ARGRAPHS\X64\DEBUG\LINEAR.OBJ
C:\USERS\FLO\DESKTOP\NUCLEUSANALYZER\DIPLOMARBEIT\MATLAB\ARGRAPHS\X64\DEBUG\MATRIX.OBJ
C:\USERS\FLO\DESKTOP\NUCLEUSANALYZER\DIPLOMARBEIT\MATLAB\ARGRAPHS\X64\DEBUG\ARGRAPHMEX.OBJ
C:\USERS\FLO\DESKTOP\NUCLEUSANALYZER\DIPLOMARBEIT\MATLAB\ARGRAPHS\X64\DEBUG\CELLCANDIDATES.OBJ
C:\USERS\FLO\DESKTOP\NUCLEUSANALYZER\DIPLOMARBEIT\MATLAB\ARGRAPHS\X64\DEBUG\MARKERDEFINITION.OBJ
C:\USERS\FLO\DESKTOP\NUCLEUSANALYZER\DIPLOMARBEIT\MATLAB\ARGRAPHS\X64\DEBUG\PRIMITIVEOPERATIONS.OBJ
C:\USERS\FLO\DESKTOP\NUCLEUSANALYZER\DIPLOMARBEIT\MATLAB\ARGRAPHS\X64\DEBUG\SOBELPRIMITIVES.OBJ
C:\USERS\FLO\DESKTOP\NUCLEUSANALYZER\DIPLOMARBEIT\MATLAB\ARGRAPHS\X64\DEBUG\SOBELTASKS.OBJ
C:\USERS\FLO\DESKTOP\NUCLEUSANALYZER\DIPLOMARBEIT\MATLAB\ARGRAPHS\X64\DEBUG\WATERSHED.OBJ
C:\USERS\FLO\DESKTOP\NUCLEUSANALYZER\DIPLOMARBEIT\MATLAB\ARGRAPHS\X64\DEBUG\UTIL.OBJ
C:\USERS\FLO\DESKTOP\NUCLEUSANALYZER\DIPLOMARBEIT\MATLAB\ARGRAPHS\X64\DEBUG\VC110.PDB
C:\USERS\FLO\DESKTOP\NUCLEUSANALYZER\DIPLOMARBEIT\MATLAB\ARGRAPHS\X64\DEBUG\ARGRAPHS_MEX_NEU_D_NEU_D.MEXW64
C:\USERS\FLO\DESKTOP\NUCLEUSANALYZER\DIPLOMARBEIT\MATLAB\ARGRAPHS\X64\DEBUG\ARGRAPHS_MEX_NEU_D.PDB
C:\Users\flo\Desktop\nucleusanalyzer\Diplomarbeit\Matlab\ARGraphs\x64\Debug\ARGraphMex.obj
C:\Users\flo\Desktop\nucleusanalyzer\Diplomarbeit\Matlab\ARGraphs\x64\Debug\cellCandidates.obj
C:\Users\flo\Desktop\nucleusanalyzer\Diplomarbeit\Matlab\ARGraphs\x64\Debug\imageProcessing.obj
C:\Users\flo\Desktop\nucleusanalyzer\Diplomarbeit\Matlab\ARGraphs\x64\Debug\linear.obj
C:\Users\flo\Desktop\nucleusanalyzer\Diplomarbeit\Matlab\ARGraphs\x64\Debug\markerDefinition.obj
C:\Users\flo\Desktop\nucleusanalyzer\Diplomarbeit\Matlab\ARGraphs\x64\Debug\matrix.obj
C:\Users\flo\Desktop\nucleusanalyzer\Diplomarbeit\Matlab\ARGraphs\x64\Debug\primitiveOperations.obj
C:\Users\flo\Desktop\nucleusanalyzer\Diplomarbeit\Matlab\ARGraphs\x64\Debug\sobelPrimitives.obj
C:\Users\flo\Desktop\nucleusanalyzer\Diplomarbeit\Matlab\ARGraphs\x64\Debug\sobelTasks.obj
C:\Users\flo\Desktop\nucleusanalyzer\Diplomarbeit\Matlab\ARGraphs\x64\Debug\util.obj
C:\Users\flo\Desktop\nucleusanalyzer\Diplomarbeit\Matlab\ARGraphs\x64\Debug\watershed.obj
C:\Users\flo\Desktop\nucleusanalyzer\Diplomarbeit\Matlab\ARGraphs\x64\Debug\ARGraphs_Mex.write.1.tlog
C:\Users\flo\Desktop\nucleusanalyzer\Diplomarbeit\Matlab\ARGraphs\x64\Debug\cl.command.1.tlog
C:\Users\flo\Desktop\nucleusanalyzer\Diplomarbeit\Matlab\ARGraphs\x64\Debug\CL.read.1.tlog
C:\Users\flo\Desktop\nucleusanalyzer\Diplomarbeit\Matlab\ARGraphs\x64\Debug\CL.write.1.tlog
C:\Users\flo\Desktop\nucleusanalyzer\Diplomarbeit\Matlab\ARGraphs\x64\Debug\link-cvtres.read.1.tlog
C:\Users\flo\Desktop\nucleusanalyzer\Diplomarbeit\Matlab\ARGraphs\x64\Debug\link-cvtres.write.1.tlog
C:\Users\flo\Desktop\nucleusanalyzer\Diplomarbeit\Matlab\ARGraphs\x64\Debug\link-rc.read.1.tlog
C:\Users\flo\Desktop\nucleusanalyzer\Diplomarbeit\Matlab\ARGraphs\x64\Debug\link-rc.write.1.tlog
C:\Users\flo\Desktop\nucleusanalyzer\Diplomarbeit\Matlab\ARGraphs\x64\Debug\link.command.1.tlog
C:\Users\flo\Desktop\nucleusanalyzer\Diplomarbeit\Matlab\ARGraphs\x64\Debug\link.read.1.tlog
C:\Users\flo\Desktop\nucleusanalyzer\Diplomarbeit\Matlab\ARGraphs\x64\Debug\link.read.4.tlog
C:\Users\flo\Desktop\nucleusanalyzer\Diplomarbeit\Matlab\ARGraphs\x64\Debug\link.write.1.tlog
C:\Users\flo\Desktop\nucleusanalyzer\Diplomarbeit\Matlab\ARGraphs\x64\Debug\vc110.idb
C:\Users\flo\Desktop\nucleusanalyzer\Diplomarbeit\Matlab\ARGraphs\x64\Debug\ARGraphs_Mex_NEU_d.pdb
C:\Users\flo\Desktop\nucleusanalyzer\Diplomarbeit\Matlab\ARGraphs\x64\Debug\vc110.pdb
