C:\Users\flo\Desktop\nucleusanalyzer\Diplomarbeit\Matlab\ARGraphs\x64\Release\ARGraphs_Mex.lib
C:\Users\flo\Desktop\nucleusanalyzer\Diplomarbeit\Matlab\ARGraphs\x64\Release\ARGraphs_Mex.exp
C:\USERS\FLO\DESKTOP\NUCLEUSANALYZER\DIPLOMARBEIT\MATLAB\ARGRAPHS\X64\RELEASE\UTIL.OBJ
C:\USERS\FLO\DESKTOP\NUCLEUSANALYZER\DIPLOMARBEIT\MATLAB\ARGRAPHS\X64\RELEASE\WATERSHED.OBJ
C:\USERS\FLO\DESKTOP\NUCLEUSANALYZER\DIPLOMARBEIT\MATLAB\ARGRAPHS\X64\RELEASE\SOBELTASKS.OBJ
C:\USERS\FLO\DESKTOP\NUCLEUSANALYZER\DIPLOMARBEIT\MATLAB\ARGRAPHS\X64\RELEASE\SOBELPRIMITIVES.OBJ
C:\USERS\FLO\DESKTOP\NUCLEUSANALYZER\DIPLOMARBEIT\MATLAB\ARGRAPHS\X64\RELEASE\PRIMITIVEOPERATIONS.OBJ
C:\USERS\FLO\DESKTOP\NUCLEUSANALYZER\DIPLOMARBEIT\MATLAB\ARGRAPHS\X64\RELEASE\MARKERDEFINITION.OBJ
C:\USERS\FLO\DESKTOP\NUCLEUSANALYZER\DIPLOMARBEIT\MATLAB\ARGRAPHS\X64\RELEASE\CELLCANDIDATES.OBJ
C:\USERS\FLO\DESKTOP\NUCLEUSANALYZER\DIPLOMARBEIT\MATLAB\ARGRAPHS\X64\RELEASE\ARGRAPHMEX.OBJ
C:\USERS\FLO\DESKTOP\NUCLEUSANALYZER\DIPLOMARBEIT\MATLAB\ARGRAPHS\X64\RELEASE\MATRIX.OBJ
C:\USERS\FLO\DESKTOP\NUCLEUSANALYZER\DIPLOMARBEIT\MATLAB\ARGRAPHS\X64\RELEASE\LINEAR.OBJ
C:\USERS\FLO\DESKTOP\NUCLEUSANALYZER\DIPLOMARBEIT\MATLAB\ARGRAPHS\X64\RELEASE\IMAGEPROCESSING.OBJ
C:\USERS\FLO\DESKTOP\NUCLEUSANALYZER\DIPLOMARBEIT\MATLAB\ARGRAPHS\X64\RELEASE\VC110.PDB
C:\USERS\FLO\DESKTOP\NUCLEUSANALYZER\DIPLOMARBEIT\MATLAB\ARGRAPHS\X64\RELEASE\ARGRAPHS_MEX_NEU.MEXW64
C:\Users\flo\Desktop\nucleusanalyzer\Diplomarbeit\Matlab\ARGraphs\x64\Release\ARGraphMex.obj
C:\Users\flo\Desktop\nucleusanalyzer\Diplomarbeit\Matlab\ARGraphs\x64\Release\cellCandidates.obj
C:\Users\flo\Desktop\nucleusanalyzer\Diplomarbeit\Matlab\ARGraphs\x64\Release\imageProcessing.obj
C:\Users\flo\Desktop\nucleusanalyzer\Diplomarbeit\Matlab\ARGraphs\x64\Release\linear.obj
C:\Users\flo\Desktop\nucleusanalyzer\Diplomarbeit\Matlab\ARGraphs\x64\Release\markerDefinition.obj
C:\Users\flo\Desktop\nucleusanalyzer\Diplomarbeit\Matlab\ARGraphs\x64\Release\matrix.obj
C:\Users\flo\Desktop\nucleusanalyzer\Diplomarbeit\Matlab\ARGraphs\x64\Release\primitiveOperations.obj
C:\Users\flo\Desktop\nucleusanalyzer\Diplomarbeit\Matlab\ARGraphs\x64\Release\sobelPrimitives.obj
C:\Users\flo\Desktop\nucleusanalyzer\Diplomarbeit\Matlab\ARGraphs\x64\Release\sobelTasks.obj
C:\Users\flo\Desktop\nucleusanalyzer\Diplomarbeit\Matlab\ARGraphs\x64\Release\util.obj
C:\Users\flo\Desktop\nucleusanalyzer\Diplomarbeit\Matlab\ARGraphs\x64\Release\watershed.obj
C:\Users\flo\Desktop\nucleusanalyzer\Diplomarbeit\Matlab\ARGraphs\x64\Release\ARGraphs_Mex.write.1.tlog
C:\Users\flo\Desktop\nucleusanalyzer\Diplomarbeit\Matlab\ARGraphs\x64\Release\cl.command.1.tlog
C:\Users\flo\Desktop\nucleusanalyzer\Diplomarbeit\Matlab\ARGraphs\x64\Release\CL.read.1.tlog
C:\Users\flo\Desktop\nucleusanalyzer\Diplomarbeit\Matlab\ARGraphs\x64\Release\CL.write.1.tlog
C:\Users\flo\Desktop\nucleusanalyzer\Diplomarbeit\Matlab\ARGraphs\x64\Release\link-cvtres.read.1.tlog
C:\Users\flo\Desktop\nucleusanalyzer\Diplomarbeit\Matlab\ARGraphs\x64\Release\link-cvtres.write.1.tlog
C:\Users\flo\Desktop\nucleusanalyzer\Diplomarbeit\Matlab\ARGraphs\x64\Release\link-rc.read.1.tlog
C:\Users\flo\Desktop\nucleusanalyzer\Diplomarbeit\Matlab\ARGraphs\x64\Release\link-rc.write.1.tlog
C:\Users\flo\Desktop\nucleusanalyzer\Diplomarbeit\Matlab\ARGraphs\x64\Release\link.command.1.tlog
C:\Users\flo\Desktop\nucleusanalyzer\Diplomarbeit\Matlab\ARGraphs\x64\Release\link.read.1.tlog
C:\Users\flo\Desktop\nucleusanalyzer\Diplomarbeit\Matlab\ARGraphs\x64\Release\link.write.1.tlog
C:\Users\flo\Desktop\nucleusanalyzer\Diplomarbeit\Matlab\ARGraphs\x64\Release\vc110.pdb
